[10/01/23-16:03:10] LogInit: info: Initializing Project Reboot!
[10/01/23-16:03:10] LogDev: info: Offset_Internal: 0x4c
[10/01/23-16:03:10] LogDev: info: SuperStruct: 0x40
[10/01/23-16:03:10] LogDev: info: Children: 0x50
[10/01/23-16:03:10] LogDev: info: PropertiesSize: 0x58
[10/01/23-16:03:10] LogDev: info: Func: 0xf0
[10/01/23-16:03:10] LogDev: info: ServerReplicateActors: 0x5d
[10/01/23-16:03:10] LogDev: info: ReplicationFrame: 0x0
[10/01/23-16:03:10] LogDev: info: Script: 0x60
[10/01/23-16:03:10] LogDev: info: Finding ProcessEvent
[10/01/23-16:03:10] LogDev: info: Finding StaticFindObject
[10/01/23-16:03:10] LogDev: info: StaticFindObject: 0x2e1c4b0
[10/01/23-16:03:10] LogDev: info: Finding GetPlayerViewpoint
[10/01/23-16:03:10] LogDev: info: GetPlayerViewpoint StringRef: 0x22e104d
[10/01/23-16:03:10] LogDev: info: Finding CreateNetDriver
[10/01/23-16:03:10] LogDev: info: Finding InitHost
[10/01/23-16:03:10] LogDev: info: Finding PauseBeaconRequests
[10/01/23-16:03:10] LogDev: info: Finding SpawnActor
[10/01/23-16:03:11] LogDev: info: Finding InitListen
[10/01/23-16:03:11] LogDev: info: Finding SetWorld
[10/01/23-16:03:11] LogDev: info: Finding KickPlayer
[10/01/23-16:03:11] LogDev: info: Finding TickFlush
[10/01/23-16:03:11] LogDev: info: Finding GetNetMode
[10/01/23-16:03:11] LogDev: info: CallToFunc: 0x4150856
[10/01/23-16:03:11] LogDev: info: Finding Realloc
[10/01/23-16:03:11] LogDev: info: Finding CollectGarbage
[10/01/23-16:03:11] LogDev: info: Finding NoMCP
[10/01/23-16:03:11] LogDev: info: fn: 2032030542528
[10/01/23-16:03:11] LogDev: info: Finding PickTeam
[10/01/23-16:03:11] LogDev: info: Finding InternalTryActivateAbility
[10/01/23-16:03:11] LogDev: info: Finding GiveAbility
[10/01/23-16:03:12] LogDev: info: Finding CantBuild
[10/01/23-16:03:12] LogDev: info: Finding ReplaceBuildingActor
[10/01/23-16:03:12] LogDev: info: Finding GiveAbilityAndActivateOnce
[10/01/23-16:03:12] LogDev: info: Finding OnDamageServer
[10/01/23-16:03:12] LogDev: info: Finding StaticLoadObject
[10/01/23-16:03:12] LogDev: info: Finding ActorGetNetMode
[10/01/23-16:03:12] LogDev: info: Finding ChangeGameSessionId
[10/01/23-16:03:12] LogDev: info: Finding DispatchRequest
[10/01/23-16:03:12] LogDev: info: Finding AddNavigationSystemToWorld
[10/01/23-16:03:13] LogDev: info: Finding NavSystemCleanUp
[10/01/23-16:03:13] LogDev: info: Finding LoadPlayset
[10/01/23-16:03:13] LogDev: info: Finding SetZoneToIndex
[10/01/23-16:03:13] LogDev: info: Finding CompletePickupAnimation
[10/01/23-16:03:13] LogDev: info: Finding CanActivateAbility
[10/01/23-16:03:13] LogDev: info: Finding SpecConstructor
[10/01/23-16:03:13] LogDev: info: Finding FrameStep
[10/01/23-16:03:13] LogDev: info: Finding ObjectArray
[10/01/23-16:03:13] LogDev: info: Finding ReplicateActor
[10/01/23-16:03:13] LogDev: info: Finding SetChannelActor
[10/01/23-16:03:13] LogDev: info: Finding SendClientAdjustment
[10/01/23-16:03:13] LogDev: info: Finding CreateChannel
[10/01/23-16:03:13] LogDev: info: Finding CallPreReplication
[10/01/23-16:03:13] LogDev: info: Finding OnRep_ZiplineState
[10/01/23-16:03:14] LogDev: info: Finding GetMaxTickRate
[10/01/23-16:03:14] LogDev: info: Finding RemoveFromAlivePlayers
[10/01/23-16:03:14] LogDev: info: Finding ActorChannelClose
[10/01/23-16:03:14] LogMemory: warning: Failed to find String UActorChannel::Close: ChIndex: %d, Actor: %s
[10/01/23-16:03:14] LogDev: info: Finding StepExplicitProperty
[10/01/23-16:03:14] LogDev: info: Finding Free
[10/01/23-16:03:14] LogDev: info: Finding ClearAbility
[10/01/23-16:03:14] LogDev: info: Finding ApplyGadgetData
[10/01/23-16:03:15] LogDev: info: Finding RemoveGadgetData
[10/01/23-16:03:15] LogDev: info: RemoveGadgetData: 0xffff8009f78b0000
[10/01/23-16:03:15] LogDev: info: Finding GetInterfaceAddress
[10/01/23-16:03:15] LogDev: info: Finding ApplyCharacterCustomization
[10/01/23-16:03:15] LogMemory: warning: Failed to find 48 8B C4 48 89 50 10 55 57 48 8D 68 A1 48 81 EC ? ? ? ? 80 B9
[10/01/23-16:03:15] LogDev: info: Finding EnterAircraft
[10/01/23-16:03:15] LogDev: info: Finding SetTimer
[10/01/23-16:03:16] LogDev: info: Finding PickupInitialize
[10/01/23-16:03:16] LogDev: info: Finding FreeEntry
[10/01/23-16:03:16] LogDev: info: Finding FreeArrayOfEntries
[10/01/23-16:03:16] LogDev: info: Finding UpdateTrackedAttributesLea
[10/01/23-16:03:16] LogMemory: warning: Failed to find 48 85 D2 0F 84 ? ? ? ? 55 41 54 41 55 41 57 48 8D 6C 24
[10/01/23-16:03:16] LogDev: info: Finding CombinePickupLea
[10/01/23-16:03:16] LogMemory: warning: Failed to find 48 89 AC 24 ? ? ? ? 48 89 B4 24 ? ? ? ? 48 89 BC 24 ? ? ? ? 0F 29 B4 24 ? ? ? ? 75
[10/01/23-16:03:16] LogDev: info: Finding CreateBuildingActorCallForDeco
[10/01/23-16:03:16] LogDev: info: Finding PickSupplyDropLocation
[10/01/23-16:03:16] LogDev: info: Finding LoadAsset
[10/01/23-16:03:16] LogDev: info: Finding RebootingDelegate
[10/01/23-16:03:16] LogDev: info: Finding GetSquadIdForCurrentPlayer
[10/01/23-16:03:16] LogDev: info: Finding FinishResurrection
[10/01/23-16:03:17] LogDev: info: Finding AddToAlivePlayers
[10/01/23-16:03:17] LogDev: info: Finished finding!
[10/01/23-16:03:17] LogDev: info: Base: 0x7ff608750000
[10/01/23-16:03:17] LogDev: info: ProcessEvent: 0x2e13bf0
[10/01/23-16:03:17] LogDev: info: StaticFindObject: 0x2e1c4b0
[10/01/23-16:03:17] LogDev: info: GetPlayerViewpoint: 0x22e0d50
[10/01/23-16:03:17] LogDev: info: CreateNetDriver: 0xffff8009f78b0000
[10/01/23-16:03:17] LogDev: info: InitHost: 0xd446f0
[10/01/23-16:03:17] LogDev: info: PauseBeaconRequests: 0x20dfad0
[10/01/23-16:03:17] LogDev: info: SpawnActor: 0x421c800
[10/01/23-16:03:17] LogDev: info: InitListen: 0xd44c40
[10/01/23-16:03:17] LogDev: info: SetWorld: 0x42c2b20
[10/01/23-16:03:17] LogDev: info: KickPlayer: 0x4155600
[10/01/23-16:03:17] LogDev: info: TickFlush: 0x42c3ed0
[10/01/23-16:03:17] LogDev: info: GetNetMode: 0x45c9d90
[10/01/23-16:03:17] LogDev: info: Realloc: 0x2b409c0
[10/01/23-16:03:17] LogDev: info: CollectGarbage: 0x2d95db7
[10/01/23-16:03:17] LogDev: info: NoMCP: 0x1e68960
[10/01/23-16:03:17] LogDev: info: PickTeam: 0x18e6b20
[10/01/23-16:03:17] LogDev: info: InternalTryActivateAbility: 0x6b33f0
[10/01/23-16:03:17] LogDev: info: GiveAbility: 0x6b19e0
[10/01/23-16:03:17] LogDev: info: CantBuild: 0x1e57790
[10/01/23-16:03:17] LogDev: info: ReplaceBuildingActor: 0x1b951b0
[10/01/23-16:03:17] LogDev: info: GiveAbilityAndActivateOnce: 0x6b1b00
[10/01/23-16:03:17] LogDev: info: OnDamageServer: 0x2683f80
[10/01/23-16:03:17] LogDev: info: StaticLoadObject: 0x2e1d7a0
[10/01/23-16:03:17] LogDev: info: ActorGetNetMode: 0x3eb6780
[10/01/23-16:03:17] LogDev: info: ChangeGameSessionId: 0x1e23840
[10/01/23-16:03:17] LogDev: info: DispatchRequest: 0x108d740
[10/01/23-16:03:17] LogDev: info: AddNavigationSystemToWorld: 0x3ecab20
[10/01/23-16:03:17] LogDev: info: NavSystemCleanUp: 0x48068c0
[10/01/23-16:03:17] LogDev: info: LoadPlayset: 0x237a4c0
[10/01/23-16:03:17] LogDev: info: SetZoneToIndex: 0x18fd350
[10/01/23-16:03:17] LogDev: info: CompletePickupAnimation: 0x1f96650
[10/01/23-16:03:17] LogDev: info: CanActivateAbility: 0x69c3a0
[10/01/23-16:03:17] LogDev: info: SpecConstructor: 0x6d6dd0
[10/01/23-16:03:17] LogDev: info: FrameStep: 0x2e1dd00
[10/01/23-16:03:17] LogDev: info: ObjectArray: 0x8067df0
[10/01/23-16:03:17] LogDev: info: ReplicateActor: 0xffff8009f78b0000
[10/01/23-16:03:17] LogDev: info: SetChannelActor: 0xffff8009f78b0000
[10/01/23-16:03:17] LogDev: info: SendClientAdjustment: 0xffff8009f78b0000
[10/01/23-16:03:17] LogDev: info: CreateChannel: 0xffff8009f78b0000
[10/01/23-16:03:17] LogDev: info: CallPreReplication: 0xffff8009f78b0000
[10/01/23-16:03:17] LogDev: info: OnRep_ZiplineState: 0x2298f10
[10/01/23-16:03:17] LogDev: info: GetMaxTickRate: 0x4576310
[10/01/23-16:03:17] LogDev: info: RemoveFromAlivePlayers: 0x18ecbb0
[10/01/23-16:03:17] LogDev: info: ActorChannelClose: 0xffff8009f78b0000
[10/01/23-16:03:17] LogDev: info: FrameStepExplicitProperty: 0x2e1dd30
[10/01/23-16:03:17] LogDev: info: Free: 0xffff8009f78b0000
[10/01/23-16:03:17] LogDev: info: ClearAbility: 0x69e3b0
[10/01/23-16:03:17] LogDev: info: ApplyGadgetData: 0x1cfc810
[10/01/23-16:03:17] LogDev: info: RemoveGadgetData: 0xffff8009f78b0000
[10/01/23-16:03:17] LogDev: info: GetInterfaceAddress: 0x2e0d910
[10/01/23-16:03:17] LogDev: info: ApplyCharacterCustomization: 0xffff8009f78b0000
[10/01/23-16:03:17] LogDev: info: EnterAircraft: 0x1c496e0
[10/01/23-16:03:17] LogDev: info: SetTimer: 0xffff8009f78b0000
[10/01/23-16:03:17] LogDev: info: PickupInitialize: 0xffff8009f78b0000
[10/01/23-16:03:17] LogDev: info: FreeEntry: 0xffff8009f78b0000
[10/01/23-16:03:17] LogDev: info: FreeArrayOfEntries: 0xffff8009f78b0000
[10/01/23-16:03:17] LogDev: info: UpdateTrackedAttributesLea: 0xffff8009f78b0000
[10/01/23-16:03:17] LogDev: info: CombinePickupLea: 0xffff8009f78b0000
[10/01/23-16:03:17] LogDev: info: CreateBuildingActorCallForDeco: 0xffff8009f78b0000
[10/01/23-16:03:17] LogDev: info: PickSupplyDropLocation: 0xffff8009f78b0000
[10/01/23-16:03:17] LogDev: info: LoadAsset: 0xffff8009f78b0000
[10/01/23-16:03:17] LogDev: info: RebootingDelegate: 0x1b6c232
[10/01/23-16:03:17] LogDev: info: GetSquadIdForCurrentPlayer: 0x20ca410
[10/01/23-16:03:17] LogDev: info: FinishResurrection: 0x1b62f40
[10/01/23-16:03:17] LogDev: info: AddToAlivePlayers: 0x18c35b0
[10/01/23-16:03:17] LogDev: info: Fortnite_CL: 0
[10/01/23-16:03:17] LogDev: info: Version: 12.41
